[ERROR] 2025-05-04 17:21:12 Unhandled exception occurred
[ERROR] 2025-05-04 17:21:13 File not found
[ERROR] 2025-05-04 17:21:14 File not found
[ERROR] 2025-05-04 17:21:15 File not found
[INFO] 2025-05-04 17:21:16 File uploaded
[WARNING] 2025-05-04 17:21:17 API response slow
[INFO] 2025-05-04 17:21:18 Connection established
[WARNING] 2025-05-04 17:21:19 API response slow
[INFO] 2025-05-04 17:21:20 File uploaded
[WARNING] 2025-05-04 17:21:21 Disk usage above threshold
[WARNING] 2025-05-04 17:45:13 High memory usage
[WARNING] 2025-05-04 17:45:14 High memory usage
[INFO] 2025-05-04 17:45:15 App started
[INFO] 2025-05-04 17:45:16 File uploaded
[WARNING] 2025-05-04 17:45:17 API response slow
[INFO] 2025-05-04 17:45:18 User logged in
[ERROR] 2025-05-04 17:45:19 Unhandled exception occurred
[WARNING] 2025-05-04 17:45:20 API response slow
[ERROR] 2025-05-04 17:45:21 File not found
[WARNING] 2025-05-04 17:45:22 API response slow
[INFO] 2025-05-04 17:45:54 Connection established
[INFO] 2025-05-04 17:45:55 File uploaded
[INFO] 2025-05-04 17:45:56 User logged in
[INFO] 2025-05-04 17:45:57 Connection established
[INFO] 2025-05-04 17:45:58 User logged in
[ERROR] 2025-05-04 17:45:59 Failed to connect to database
[WARNING] 2025-05-04 17:46:00 Temporary network issue
[WARNING] 2025-05-04 17:46:01 Temporary network issue
[ERROR] 2025-05-04 17:46:02 Failed to connect to database
[ERROR] 2025-05-04 17:46:03 Failed to connect to database
[INFO] 2025-05-04 17:46:35 App started
[WARNING] 2025-05-04 17:46:36 Disk usage above threshold
[WARNING] 2025-05-04 17:46:37 High memory usage
[ERROR] 2025-05-04 17:46:38 Timeout while calling external API
[INFO] 2025-05-04 17:46:39 User logged in
[INFO] 2025-05-04 17:46:40 File uploaded
[WARNING] 2025-05-04 17:46:41 Disk usage above threshold
[ERROR] 2025-05-04 17:46:42 Failed to connect to database
[INFO] 2025-05-04 17:46:43 App started
[WARNING] 2025-05-04 17:46:44 API response slow
[WARNING] 2025-05-04 17:47:15 Temporary network issue
[INFO] 2025-05-04 17:47:16 File uploaded
[WARNING] 2025-05-04 17:47:17 Temporary network issue
[INFO] 2025-05-04 17:47:18 App started
[INFO] 2025-05-04 17:47:19 User logged in
[WARNING] 2025-05-04 17:47:20 High memory usage
[ERROR] 2025-05-04 17:47:21 Failed to connect to database
[INFO] 2025-05-04 17:47:22 Scheduled job executed
[ERROR] 2025-05-04 17:47:23 Unhandled exception occurred
[WARNING] 2025-05-04 17:47:24 Disk usage above threshold
[WARNING] 2025-05-04 17:47:56 High memory usage
[WARNING] 2025-05-04 17:47:57 Disk usage above threshold
[ERROR] 2025-05-04 17:47:58 Timeout while calling external API
[ERROR] 2025-05-04 17:47:59 Unhandled exception occurred
[ERROR] 2025-05-04 17:48:00 Timeout while calling external API
[ERROR] 2025-05-04 17:48:01 Timeout while calling external API
[WARNING] 2025-05-04 17:48:02 API response slow
[WARNING] 2025-05-04 17:48:03 High memory usage
[ERROR] 2025-05-04 17:48:04 Failed to connect to database
[ERROR] 2025-05-04 17:48:05 File not found
[ERROR] 2025-05-04 17:48:37 Timeout while calling external API
[ERROR] 2025-05-04 17:48:38 Timeout while calling external API
[INFO] 2025-05-04 17:48:39 File uploaded
[INFO] 2025-05-04 17:48:40 App started
[ERROR] 2025-05-04 17:48:41 File not found
[ERROR] 2025-05-04 17:48:42 Failed to connect to database
[WARNING] 2025-05-04 17:48:43 High memory usage
[INFO] 2025-05-04 17:48:44 App started
[ERROR] 2025-05-04 17:48:45 File not found
[ERROR] 2025-05-04 17:48:46 Unhandled exception occurred
[WARNING] 2025-05-04 17:49:19 API response slow
[WARNING] 2025-05-04 17:49:20 Disk usage above threshold
[INFO] 2025-05-04 17:49:21 Connection established
[ERROR] 2025-05-04 17:49:22 Timeout while calling external API
[ERROR] 2025-05-04 17:49:23 Timeout while calling external API
[WARNING] 2025-05-04 17:49:24 Temporary network issue
[ERROR] 2025-05-04 17:49:25 Unhandled exception occurred
[INFO] 2025-05-04 17:49:26 User logged in
[WARNING] 2025-05-04 17:49:27 Temporary network issue
[ERROR] 2025-05-04 17:49:28 Failed to connect to database
[ERROR] 2025-05-04 17:50:00 Timeout while calling external API
[INFO] 2025-05-04 17:50:01 App started
[WARNING] 2025-05-04 17:50:02 High memory usage
[WARNING] 2025-05-04 17:50:03 Disk usage above threshold
[WARNING] 2025-05-04 17:50:04 Temporary network issue
[INFO] 2025-05-04 17:50:05 User logged in
[WARNING] 2025-05-04 17:50:06 Temporary network issue
[INFO] 2025-05-04 17:50:07 User logged in
[ERROR] 2025-05-04 17:50:08 File not found
[INFO] 2025-05-04 17:50:09 Connection established
[WARNING] 2025-05-04 22:21:11 API response slow
[INFO] 2025-05-04 22:21:12 File uploaded
[WARNING] 2025-05-04 22:21:13 Disk usage above threshold
[ERROR] 2025-05-04 22:21:14 Unhandled exception occurred
[WARNING] 2025-05-04 22:21:15 Disk usage above threshold
[INFO] 2025-05-04 22:21:16 File uploaded
[ERROR] 2025-05-04 22:21:17 Unhandled exception occurred
[WARNING] 2025-05-04 22:21:18 Temporary network issue
[ERROR] 2025-05-04 22:21:19 Unhandled exception occurred
[WARNING] 2025-05-04 22:21:20 API response slow
[WARNING] 2025-05-04 22:21:52 Temporary network issue
[ERROR] 2025-05-04 22:21:53 Timeout while calling external API
[WARNING] 2025-05-04 22:21:54 API response slow
[ERROR] 2025-05-04 22:21:55 Failed to connect to database
[INFO] 2025-05-04 22:21:56 User logged in
[ERROR] 2025-05-04 22:21:57 Timeout while calling external API
[WARNING] 2025-05-04 22:21:58 High memory usage
[INFO] 2025-05-04 22:21:59 Scheduled job executed
[WARNING] 2025-05-04 22:22:00 Disk usage above threshold
[WARNING] 2025-05-04 22:22:01 High memory usage
[ERROR] 2025-05-04 22:22:34 Failed to connect to database
[INFO] 2025-05-04 22:22:35 Connection established
[INFO] 2025-05-04 22:22:36 Connection established
[WARNING] 2025-05-04 22:22:37 Disk usage above threshold
[INFO] 2025-05-04 22:22:38 Scheduled job executed
[INFO] 2025-05-04 22:22:39 Connection established
[ERROR] 2025-05-04 22:22:40 Failed to connect to database
[ERROR] 2025-05-04 22:22:41 File not found
[WARNING] 2025-05-04 22:22:42 API response slow
[ERROR] 2025-05-04 22:22:43 Unhandled exception occurred
[ERROR] 2025-05-04 22:23:15 File not found
[WARNING] 2025-05-04 22:23:16 API response slow
[WARNING] 2025-05-04 22:23:17 High memory usage
[WARNING] 2025-05-04 22:23:18 Temporary network issue
[ERROR] 2025-05-04 22:23:19 Failed to connect to database
[WARNING] 2025-05-04 22:23:20 Temporary network issue
[ERROR] 2025-05-04 22:23:21 Unhandled exception occurred
[INFO] 2025-05-04 22:23:22 Connection established
[INFO] 2025-05-04 22:23:23 Connection established
[WARNING] 2025-05-04 22:23:24 Temporary network issue
[ERROR] 2025-05-04 22:23:56 Unhandled exception occurred
[ERROR] 2025-05-04 22:23:57 Failed to connect to database
[ERROR] 2025-05-04 22:23:58 Failed to connect to database
[ERROR] 2025-05-04 22:23:59 Failed to connect to database
[WARNING] 2025-05-04 22:24:00 API response slow
[WARNING] 2025-05-04 22:24:01 Temporary network issue
[INFO] 2025-05-04 22:24:02 Scheduled job executed
[WARNING] 2025-05-04 22:24:03 API response slow
[INFO] 2025-05-04 22:24:04 App started
[WARNING] 2025-05-04 22:24:05 API response slow
[INFO] 2025-05-04 22:24:37 Scheduled job executed
[WARNING] 2025-05-04 22:24:38 High memory usage
[INFO] 2025-05-04 22:24:39 File uploaded
[ERROR] 2025-05-04 22:24:40 Unhandled exception occurred
[INFO] 2025-05-04 22:24:41 Connection established
[WARNING] 2025-05-04 22:24:42 High memory usage
[WARNING] 2025-05-04 22:24:43 API response slow
[INFO] 2025-05-04 22:24:44 User logged in
[ERROR] 2025-05-04 22:24:45 File not found
[INFO] 2025-05-04 22:24:46 Scheduled job executed
