2025-03-09 09:58:26,633 - INFO - Starting server health monitoring...
2025-03-09 09:58:27,636 - INFO - CPU: 19.1%, Memory: 75.4%, Disk: 29.5%
2025-03-09 09:58:28,642 - INFO - CPU: 8.9%, Memory: 75.4%, Disk: 29.5%
2025-03-09 09:58:29,648 - INFO - CPU: 7.2%, Memory: 75.3%, Disk: 29.5%
2025-03-09 09:58:30,653 - INFO - CPU: 5.9%, Memory: 75.3%, Disk: 29.5%
2025-03-09 09:58:31,659 - INFO - CPU: 5.5%, Memory: 75.3%, Disk: 29.5%
2025-03-09 09:58:32,664 - INFO - CPU: 3.9%, Memory: 75.3%, Disk: 29.5%
2025-03-09 09:58:33,667 - INFO - CPU: 9.7%, Memory: 75.3%, Disk: 29.5%
2025-03-09 09:58:34,673 - INFO - CPU: 7.7%, Memory: 75.3%, Disk: 29.5%
2025-03-09 09:58:35,678 - INFO - CPU: 6.4%, Memory: 75.3%, Disk: 29.5%
2025-03-09 09:58:36,683 - INFO - CPU: 7.6%, Memory: 75.4%, Disk: 29.5%
2025-03-09 09:58:37,684 - INFO - CPU: 4.5%, Memory: 75.3%, Disk: 29.5%
2025-03-09 09:58:38,690 - INFO - CPU: 14.3%, Memory: 75.4%, Disk: 29.5%
2025-03-09 09:58:39,696 - INFO - CPU: 6.6%, Memory: 75.4%, Disk: 29.5%
2025-03-09 09:58:40,701 - INFO - CPU: 7.7%, Memory: 75.3%, Disk: 29.5%
2025-03-09 09:58:41,703 - INFO - CPU: 7.4%, Memory: 75.3%, Disk: 29.5%
2025-03-09 09:58:42,704 - INFO - CPU: 39.2%, Memory: 75.0%, Disk: 29.5%
2025-03-09 09:58:43,709 - INFO - CPU: 9.6%, Memory: 75.0%, Disk: 29.5%
2025-03-09 09:58:44,712 - INFO - CPU: 4.7%, Memory: 75.0%, Disk: 29.5%
2025-03-09 09:58:45,717 - INFO - CPU: 6.4%, Memory: 75.0%, Disk: 29.5%
2025-03-09 09:58:46,723 - INFO - CPU: 6.1%, Memory: 74.9%, Disk: 29.5%
2025-03-09 09:58:47,728 - INFO - CPU: 3.7%, Memory: 74.9%, Disk: 29.5%
2025-03-09 09:58:48,734 - INFO - CPU: 7.3%, Memory: 74.9%, Disk: 29.5%
2025-03-09 09:58:49,740 - INFO - CPU: 7.8%, Memory: 74.9%, Disk: 29.5%
2025-03-09 09:58:50,745 - INFO - CPU: 7.3%, Memory: 74.9%, Disk: 29.5%
2025-03-09 09:58:51,751 - INFO - CPU: 4.2%, Memory: 74.9%, Disk: 29.5%
2025-03-09 09:58:52,756 - INFO - CPU: 5.4%, Memory: 74.9%, Disk: 29.5%
2025-03-09 09:58:53,762 - INFO - CPU: 3.5%, Memory: 74.9%, Disk: 29.5%
2025-03-09 09:58:54,765 - INFO - CPU: 7.2%, Memory: 74.8%, Disk: 29.5%
2025-03-09 09:58:55,770 - INFO - CPU: 5.0%, Memory: 74.9%, Disk: 29.5%
2025-03-09 09:58:56,776 - INFO - CPU: 9.1%, Memory: 74.9%, Disk: 29.5%
2025-03-09 09:58:57,781 - INFO - CPU: 6.2%, Memory: 74.9%, Disk: 29.5%
2025-03-09 09:58:58,784 - INFO - CPU: 5.9%, Memory: 74.9%, Disk: 29.5%
2025-03-09 09:58:59,790 - INFO - CPU: 7.2%, Memory: 74.9%, Disk: 29.5%
2025-03-09 09:59:00,795 - INFO - CPU: 6.6%, Memory: 74.8%, Disk: 29.5%
2025-03-09 09:59:01,798 - INFO - CPU: 6.6%, Memory: 74.8%, Disk: 29.5%
2025-03-09 09:59:02,804 - INFO - CPU: 4.6%, Memory: 74.9%, Disk: 29.5%
2025-03-09 09:59:03,810 - INFO - CPU: 14.8%, Memory: 75.0%, Disk: 29.5%
2025-03-09 09:59:04,812 - INFO - CPU: 19.9%, Memory: 74.7%, Disk: 29.5%
2025-03-09 09:59:05,813 - INFO - CPU: 9.4%, Memory: 74.7%, Disk: 29.5%
2025-03-09 09:59:06,819 - INFO - CPU: 9.4%, Memory: 74.7%, Disk: 29.5%
2025-03-09 09:59:07,825 - INFO - CPU: 6.9%, Memory: 74.7%, Disk: 29.5%
2025-03-09 09:59:08,827 - INFO - CPU: 12.6%, Memory: 74.7%, Disk: 29.5%
2025-03-09 09:59:09,833 - INFO - CPU: 7.5%, Memory: 74.6%, Disk: 29.5%
2025-03-09 09:59:10,837 - INFO - CPU: 14.6%, Memory: 74.7%, Disk: 29.5%
2025-03-09 09:59:11,842 - INFO - CPU: 9.3%, Memory: 74.6%, Disk: 29.5%
2025-03-09 09:59:12,845 - INFO - CPU: 7.9%, Memory: 74.4%, Disk: 29.5%
2025-03-09 09:59:13,851 - INFO - CPU: 6.6%, Memory: 74.4%, Disk: 29.5%
2025-03-09 09:59:14,853 - INFO - CPU: 6.5%, Memory: 74.4%, Disk: 29.5%
2025-03-09 09:59:15,855 - INFO - CPU: 9.3%, Memory: 74.4%, Disk: 29.5%
2025-03-09 09:59:16,861 - INFO - CPU: 4.5%, Memory: 74.4%, Disk: 29.5%
2025-03-09 09:59:17,866 - INFO - CPU: 6.7%, Memory: 74.4%, Disk: 29.5%
2025-03-09 09:59:18,872 - INFO - CPU: 6.0%, Memory: 74.4%, Disk: 29.5%
2025-03-09 09:59:19,874 - INFO - CPU: 4.9%, Memory: 74.5%, Disk: 29.5%
2025-03-09 09:59:20,879 - INFO - CPU: 4.6%, Memory: 74.5%, Disk: 29.5%
2025-03-09 09:59:21,884 - INFO - CPU: 7.6%, Memory: 74.5%, Disk: 29.5%
2025-03-09 09:59:22,890 - INFO - CPU: 7.5%, Memory: 74.5%, Disk: 29.5%
2025-03-09 09:59:23,894 - INFO - CPU: 6.0%, Memory: 74.5%, Disk: 29.5%
2025-03-09 09:59:24,898 - INFO - CPU: 4.9%, Memory: 74.5%, Disk: 29.5%
2025-03-09 09:59:25,903 - INFO - CPU: 7.6%, Memory: 74.5%, Disk: 29.5%
2025-03-09 09:59:26,908 - INFO - CPU: 17.4%, Memory: 74.5%, Disk: 29.5%
2025-03-09 09:59:27,911 - INFO - CPU: 11.2%, Memory: 74.5%, Disk: 29.5%
2025-03-09 09:59:28,917 - INFO - CPU: 6.0%, Memory: 74.5%, Disk: 29.5%
2025-03-09 09:59:29,923 - INFO - CPU: 5.5%, Memory: 74.5%, Disk: 29.5%
2025-03-09 09:59:30,928 - INFO - CPU: 9.2%, Memory: 74.6%, Disk: 29.5%
2025-03-09 09:59:31,934 - INFO - CPU: 6.5%, Memory: 74.5%, Disk: 29.5%
2025-03-09 09:59:32,939 - INFO - CPU: 5.3%, Memory: 74.5%, Disk: 29.5%
2025-03-09 09:59:33,945 - INFO - CPU: 8.9%, Memory: 74.5%, Disk: 29.5%
2025-03-09 09:59:34,947 - INFO - CPU: 10.3%, Memory: 74.5%, Disk: 29.5%
2025-03-09 09:59:35,952 - INFO - CPU: 8.6%, Memory: 74.4%, Disk: 29.5%
2025-03-09 09:59:36,958 - INFO - CPU: 6.0%, Memory: 74.4%, Disk: 29.5%
2025-03-09 09:59:37,966 - INFO - CPU: 8.9%, Memory: 74.5%, Disk: 29.5%
2025-03-09 09:59:38,969 - INFO - CPU: 12.7%, Memory: 74.4%, Disk: 29.5%
2025-03-09 09:59:39,973 - INFO - CPU: 8.6%, Memory: 74.4%, Disk: 29.5%
2025-03-09 09:59:40,977 - INFO - CPU: 8.4%, Memory: 74.4%, Disk: 29.5%
2025-03-09 09:59:41,982 - INFO - CPU: 6.8%, Memory: 74.4%, Disk: 29.5%
2025-03-09 09:59:42,987 - INFO - CPU: 9.0%, Memory: 74.4%, Disk: 29.5%
2025-03-09 09:59:43,992 - INFO - CPU: 9.3%, Memory: 74.4%, Disk: 29.5%
2025-03-09 09:59:44,995 - INFO - CPU: 24.2%, Memory: 74.2%, Disk: 29.5%
2025-03-09 09:59:45,999 - INFO - CPU: 7.7%, Memory: 74.2%, Disk: 29.5%
2025-03-09 09:59:47,005 - INFO - CPU: 7.0%, Memory: 74.1%, Disk: 29.5%
2025-03-09 09:59:48,010 - INFO - CPU: 6.9%, Memory: 74.2%, Disk: 29.5%
2025-03-09 09:59:49,015 - INFO - CPU: 6.5%, Memory: 74.2%, Disk: 29.5%
2025-03-09 09:59:50,018 - INFO - CPU: 6.5%, Memory: 74.2%, Disk: 29.5%
2025-03-09 09:59:51,024 - INFO - CPU: 5.7%, Memory: 74.2%, Disk: 29.5%
2025-03-09 09:59:52,029 - INFO - CPU: 7.1%, Memory: 74.2%, Disk: 29.5%
2025-03-09 09:59:53,036 - INFO - CPU: 7.5%, Memory: 74.1%, Disk: 29.5%
2025-03-09 09:59:54,041 - INFO - CPU: 4.9%, Memory: 74.1%, Disk: 29.5%
2025-03-09 09:59:55,044 - INFO - CPU: 6.3%, Memory: 74.1%, Disk: 29.5%
2025-03-09 09:59:56,050 - INFO - CPU: 12.8%, Memory: 74.0%, Disk: 29.5%
2025-03-09 09:59:57,056 - INFO - CPU: 24.0%, Memory: 73.9%, Disk: 29.5%
2025-03-09 09:59:58,146 - INFO - CPU: 42.9%, Memory: 74.9%, Disk: 29.5%
2025-03-09 09:59:59,180 - INFO - CPU: 87.7%, Memory: 75.5%, Disk: 29.5%
2025-03-09 09:59:59,180 - WARNING - ALERT! High CPU usage detected: 87.7%
2025-03-09 10:00:00,182 - INFO - CPU: 84.8%, Memory: 76.9%, Disk: 29.5%
2025-03-09 10:00:00,183 - WARNING - ALERT! High CPU usage detected: 84.8%
2025-03-09 10:00:01,186 - INFO - CPU: 76.0%, Memory: 78.0%, Disk: 29.5%
2025-03-09 10:00:02,196 - INFO - CPU: 64.7%, Memory: 78.7%, Disk: 29.5%
2025-03-09 10:00:03,198 - INFO - CPU: 76.3%, Memory: 79.1%, Disk: 29.5%
2025-03-09 10:03:11,897 - INFO - CPU: 83.7%, Memory: 80.6%, Disk: 29.5%
2025-03-09 10:03:11,898 - WARNING - ALERT! High CPU usage detected: 83.7%
2025-03-09 10:03:11,898 - WARNING - ALERT! High Memory usage detected: 80.6%
2025-03-09 10:03:12,900 - INFO - CPU: 87.0%, Memory: 81.0%, Disk: 29.5%
2025-03-09 10:03:12,900 - WARNING - ALERT! High CPU usage detected: 87.0%
2025-03-09 10:03:12,900 - WARNING - ALERT! High Memory usage detected: 81.0%
2025-03-09 10:03:13,904 - INFO - CPU: 57.9%, Memory: 81.8%, Disk: 29.5%
2025-03-09 10:03:13,904 - WARNING - ALERT! High Memory usage detected: 81.8%
2025-03-09 10:03:14,910 - INFO - CPU: 61.8%, Memory: 82.1%, Disk: 29.5%
2025-03-09 10:03:14,911 - WARNING - ALERT! High Memory usage detected: 82.1%2025-03-23 23:49:18,620 - INFO - Starting server health monitoring...
2025-03-23 23:49:19,625 - INFO - CPU: 14.6%, Memory: 79.0%, Disk: 26.5%
2025-03-23 23:49:20,630 - INFO - CPU: 16.1%, Memory: 78.9%, Disk: 26.5%
2025-03-23 23:49:21,636 - INFO - CPU: 14.7%, Memory: 78.9%, Disk: 26.5%
2025-03-23 23:49:22,641 - INFO - CPU: 20.9%, Memory: 79.1%, Disk: 26.5%
2025-03-23 23:49:23,647 - INFO - CPU: 24.2%, Memory: 79.0%, Disk: 26.5%
2025-03-23 23:49:24,652 - INFO - CPU: 24.3%, Memory: 78.9%, Disk: 26.5%
2025-03-23 23:49:25,659 - INFO - CPU: 23.9%, Memory: 79.0%, Disk: 26.5%
2025-03-23 23:49:26,662 - INFO - CPU: 21.9%, Memory: 79.1%, Disk: 26.5%
2025-03-23 23:49:27,667 - INFO - CPU: 23.0%, Memory: 79.2%, Disk: 26.5%
2025-03-23 23:49:28,671 - INFO - CPU: 24.6%, Memory: 78.9%, Disk: 26.5%
2025-03-23 23:49:29,675 - INFO - CPU: 22.1%, Memory: 78.8%, Disk: 26.5%
2025-03-23 23:49:30,679 - INFO - CPU: 20.1%, Memory: 78.9%, Disk: 26.5%
2025-03-23 23:49:31,683 - INFO - CPU: 12.2%, Memory: 78.7%, Disk: 26.5%
2025-03-25 23:45:51,639 - INFO - Starting server health monitoring...
2025-03-25 23:45:52,645 - INFO - CPU: 20.9%, Memory: 75.3%, Disk: 25.5%
2025-03-25 23:45:53,650 - INFO - CPU: 23.3%, Memory: 75.3%, Disk: 25.5%
2025-03-25 23:45:54,655 - INFO - CPU: 24.3%, Memory: 75.3%, Disk: 25.5%
2025-03-25 23:45:55,659 - INFO - CPU: 27.2%, Memory: 75.6%, Disk: 25.5%
2025-03-25 23:45:56,664 - INFO - CPU: 27.7%, Memory: 75.3%, Disk: 25.5%
2025-03-25 23:45:57,668 - INFO - CPU: 34.5%, Memory: 75.3%, Disk: 25.5%
2025-03-25 23:45:58,669 - INFO - CPU: 25.5%, Memory: 75.4%, Disk: 25.5%
2025-03-25 23:45:59,675 - INFO - CPU: 19.0%, Memory: 75.4%, Disk: 25.5%
2025-03-25 23:46:00,679 - INFO - CPU: 20.5%, Memory: 75.4%, Disk: 25.5%
2025-03-25 23:46:01,689 - INFO - CPU: 18.9%, Memory: 75.3%, Disk: 25.5%
2025-03-25 23:46:02,691 - INFO - CPU: 30.1%, Memory: 75.6%, Disk: 25.5%
2025-03-25 23:46:03,695 - INFO - CPU: 23.2%, Memory: 75.6%, Disk: 25.5%
2025-03-25 23:46:04,699 - INFO - CPU: 29.9%, Memory: 75.8%, Disk: 25.5%
